# JRE version: OpenJDK Runtime Environment (8.0_242-b01) (build 1.8.0_242-release-1644-b01)
# Java VM: OpenJDK 64-Bit Server VM (25.242-b01 mixed mode windows-amd64 compressed oops)
Heap:
 PSYoungGen      total 105472K, used 43292K [0x00000000eda00000, 0x00000000f7e80000, 0x0000000100000000)
  eden space 84480K, 26% used [0x00000000eda00000,0x00000000eefce400,0x00000000f2c80000)
  from space 20992K, 99% used [0x00000000f2c80000,0x00000000f40f8e18,0x00000000f4100000)
  to   space 27648K, 0% used [0x00000000f6380000,0x00000000f6380000,0x00000000f7e80000)
 ParOldGen       total 60928K, used 33270K [0x00000000c8e00000, 0x00000000cc980000, 0x00000000eda00000)
  object space 60928K, 54% used [0x00000000c8e00000,0x00000000cae7db80,0x00000000cc980000)
 Metaspace       used 54432K, capacity 55467K, committed 55680K, reserved 1097728K
  class space    used 6275K, capacity 6513K, committed 6528K, reserved 1048576K
GC Heap History (10 events):
Event: 13.488 GC heap before
{Heap before GC invocations=9 (full 1):
 PSYoungGen      total 65536K, used 29636K [0x00000000eda00000, 0x00000000f3a80000, 0x0000000100000000)
  eden space 57344K, 37% used [0x00000000eda00000,0x00000000eeef8820,0x00000000f1200000)
  from space 8192K, 99% used [0x00000000f1200000,0x00000000f19f8918,0x00000000f1a00000)
  to   space 13824K, 0% used [0x00000000f2d00000,0x00000000f2d00000,0x00000000f3a80000)
 ParOldGen       total 37376K, used 19251K [0x00000000c8e00000, 0x00000000cb280000, 0x00000000eda00000)
  object space 37376K, 51% used [0x00000000c8e00000,0x00000000ca0ccc18,0x00000000cb280000)
 Metaspace       used 34822K, capacity 35385K, committed 35496K, reserved 1081344K
  class space    used 4422K, capacity 4560K, committed 4608K, reserved 1048576K
Event: 13.514 GC heap after
Heap after GC invocations=9 (full 1):
 PSYoungGen      total 82944K, used 13608K [0x00000000eda00000, 0x00000000f5080000, 0x0000000100000000)
  eden space 69120K, 0% used [0x00000000eda00000,0x00000000eda00000,0x00000000f1d80000)
  from space 13824K, 98% used [0x00000000f2d00000,0x00000000f3a4a018,0x00000000f3a80000)
  to   space 15872K, 0% used [0x00000000f1d80000,0x00000000f1d80000,0x00000000f2d00000)
 ParOldGen       total 37376K, used 19259K [0x00000000c8e00000, 0x00000000cb280000, 0x00000000eda00000)
  object space 37376K, 51% used [0x00000000c8e00000,0x00000000ca0cec18,0x00000000cb280000)
 Metaspace       used 34822K, capacity 35385K, committed 35496K, reserved 1081344K
  class space    used 4422K, capacity 4560K, committed 4608K, reserved 1048576K
}
Event: 13.514 GC heap before
{Heap before GC invocations=10 (full 2):
 PSYoungGen      total 82944K, used 13608K [0x00000000eda00000, 0x00000000f5080000, 0x0000000100000000)
  eden space 69120K, 0% used [0x00000000eda00000,0x00000000eda00000,0x00000000f1d80000)
  from space 13824K, 98% used [0x00000000f2d00000,0x00000000f3a4a018,0x00000000f3a80000)
  to   space 15872K, 0% used [0x00000000f1d80000,0x00000000f1d80000,0x00000000f2d00000)
 ParOldGen       total 37376K, used 19259K [0x00000000c8e00000, 0x00000000cb280000, 0x00000000eda00000)
  object space 37376K, 51% used [0x00000000c8e00000,0x00000000ca0cec18,0x00000000cb280000)
 Metaspace       used 34822K, capacity 35385K, committed 35496K, reserved 1081344K
  class space    used 4422K, capacity 4560K, committed 4608K, reserved 1048576K
Event: 13.645 GC heap after
Heap after GC invocations=10 (full 2):
 PSYoungGen      total 82944K, used 0K [0x00000000eda00000, 0x00000000f5080000, 0x0000000100000000)
  eden space 69120K, 0% used [0x00000000eda00000,0x00000000eda00000,0x00000000f1d80000)
  from space 13824K, 0% used [0x00000000f2d00000,0x00000000f2d00000,0x00000000f3a80000)
  to   space 15872K, 0% used [0x00000000f1d80000,0x00000000f1d80000,0x00000000f2d00000)
 ParOldGen       total 60928K, used 19807K [0x00000000c8e00000, 0x00000000cc980000, 0x00000000eda00000)
  object space 60928K, 32% used [0x00000000c8e00000,0x00000000ca157fd8,0x00000000cc980000)
 Metaspace       used 34822K, capacity 35385K, committed 35496K, reserved 1081344K
  class space    used 4422K, capacity 4560K, committed 4608K, reserved 1048576K
}
Event: 17.089 GC heap before
{Heap before GC invocations=11 (full 2):
 PSYoungGen      total 82944K, used 69120K [0x00000000eda00000, 0x00000000f5080000, 0x0000000100000000)
  eden space 69120K, 100% used [0x00000000eda00000,0x00000000f1d80000,0x00000000f1d80000)
  from space 13824K, 0% used [0x00000000f2d00000,0x00000000f2d00000,0x00000000f3a80000)
  to   space 15872K, 0% used [0x00000000f1d80000,0x00000000f1d80000,0x00000000f2d00000)
 ParOldGen       total 60928K, used 19807K [0x00000000c8e00000, 0x00000000cc980000, 0x00000000eda00000)
  object space 60928K, 32% used [0x00000000c8e00000,0x00000000ca157fd8,0x00000000cc980000)
 Metaspace       used 39960K, capacity 40575K, committed 40832K, reserved 1085440K
  class space    used 4994K, capacity 5167K, committed 5248K, reserved 1048576K
Event: 17.109 GC heap after
Heap after GC invocations=11 (full 2):
 PSYoungGen      total 84992K, used 13924K [0x00000000eda00000, 0x00000000f5200000, 0x0000000100000000)
  eden space 69120K, 0% used [0x00000000eda00000,0x00000000eda00000,0x00000000f1d80000)
  from space 15872K, 87% used [0x00000000f1d80000,0x00000000f2b19288,0x00000000f2d00000)
  to   space 17408K, 0% used [0x00000000f4100000,0x00000000f4100000,0x00000000f5200000)
 ParOldGen       total 60928K, used 19815K [0x00000000c8e00000, 0x00000000cc980000, 0x00000000eda00000)
  object space 60928K, 32% used [0x00000000c8e00000,0x00000000ca159fd8,0x00000000cc980000)
 Metaspace       used 39960K, capacity 40575K, committed 40832K, reserved 1085440K
  class space    used 4994K, capacity 5167K, committed 5248K, reserved 1048576K
}
Event: 21.416 GC heap before
{Heap before GC invocations=12 (full 2):
 PSYoungGen      total 84992K, used 83044K [0x00000000eda00000, 0x00000000f5200000, 0x0000000100000000)
  eden space 69120K, 100% used [0x00000000eda00000,0x00000000f1d80000,0x00000000f1d80000)
  from space 15872K, 87% used [0x00000000f1d80000,0x00000000f2b19288,0x00000000f2d00000)
  to   space 17408K, 0% used [0x00000000f4100000,0x00000000f4100000,0x00000000f5200000)
 ParOldGen       total 60928K, used 19815K [0x00000000c8e00000, 0x00000000cc980000, 0x00000000eda00000)
  object space 60928K, 32% used [0x00000000c8e00000,0x00000000ca159fd8,0x00000000cc980000)
 Metaspace       used 44458K, capacity 45201K, committed 45440K, reserved 1089536K
  class space    used 5436K, capacity 5648K, committed 5760K, reserved 1048576K
Event: 21.533 GC heap after
Heap after GC invocations=12 (full 2):
 PSYoungGen      total 101888K, used 17391K [0x00000000eda00000, 0x00000000f5b80000, 0x0000000100000000)
  eden space 84480K, 0% used [0x00000000eda00000,0x00000000eda00000,0x00000000f2c80000)
  from space 17408K, 99% used [0x00000000f4100000,0x00000000f51fbde0,0x00000000f5200000)
  to   space 20992K, 0% used [0x00000000f2c80000,0x00000000f2c80000,0x00000000f4100000)
 ParOldGen       total 60928K, used 23626K [0x00000000c8e00000, 0x00000000cc980000, 0x00000000eda00000)
  object space 60928K, 38% used [0x00000000c8e00000,0x00000000ca512a50,0x00000000cc980000)
 Metaspace       used 44458K, capacity 45201K, committed 45440K, reserved 1089536K
  class space    used 5436K, capacity 5648K, committed 5760K, reserved 1048576K
}
Event: 26.104 GC heap before
{Heap before GC invocations=13 (full 2):
 PSYoungGen      total 101888K, used 101871K [0x00000000eda00000, 0x00000000f5b80000, 0x0000000100000000)
  eden space 84480K, 100% used [0x00000000eda00000,0x00000000f2c80000,0x00000000f2c80000)
  from space 17408K, 99% used [0x00000000f4100000,0x00000000f51fbde0,0x00000000f5200000)
  to   space 20992K, 0% used [0x00000000f2c80000,0x00000000f2c80000,0x00000000f4100000)
 ParOldGen       total 60928K, used 23626K [0x00000000c8e00000, 0x00000000cc980000, 0x00000000eda00000)
  object space 60928K, 38% used [0x00000000c8e00000,0x00000000ca512a50,0x00000000cc980000)
 Metaspace       used 52819K, capacity 53811K, committed 54016K, reserved 1097728K
  class space    used 6164K, capacity 6369K, committed 6400K, reserved 1048576K
Event: 26.247 GC heap after
Heap after GC invocations=13 (full 2):
 PSYoungGen      total 105472K, used 20963K [0x00000000eda00000, 0x00000000f7e80000, 0x0000000100000000)
  eden space 84480K, 0% used [0x00000000eda00000,0x00000000eda00000,0x00000000f2c80000)
  from space 20992K, 99% used [0x00000000f2c80000,0x00000000f40f8e18,0x00000000f4100000)
  to   space 27648K, 0% used [0x00000000f6380000,0x00000000f6380000,0x00000000f7e80000)
 ParOldGen       total 60928K, used 33270K [0x00000000c8e00000, 0x00000000cc980000, 0x00000000eda00000)
  object space 60928K, 54% used [0x00000000c8e00000,0x00000000cae7db80,0x00000000cc980000)
 Metaspace       used 52819K, capacity 53811K, committed 54016K, reserved 1097728K
  class space    used 6164K, capacity 6369K, committed 6400K, reserved 1048576K
}

